<?xml version="1.0" encoding="UTF-8"?>
<!-- Generated by org.testng.reporters.JUnitXMLReporter -->
<testsuite ignored="0" hostname="Swati" failures="1" tests="2" name="Error Validations Test" time="20.076" errors="0" timestamp="2024-10-23T11:18:12 IST">
  <testcase classname="swatikagalkaracademy.Tests.ErrorValidationsTest" name="LoginErrorValidation" time="0.995">
    <failure type="java.lang.AssertionError" message="expected [Incorrect email or password.] but found [Incorrect email password.]">
      <![CDATA[java.lang.AssertionError: expected [Incorrect email or password.] but found [Incorrect email password.]
at swatikagalkaracademy.Tests.ErrorValidationsTest.LoginErrorValidation(ErrorValidationsTest.java:24)
at java.base/java.util.ArrayList.forEach(ArrayList.java:1596)
... Removed 31 stack frames]]>
    </failure>
  </testcase> <!-- LoginErrorValidation -->
  <testcase classname="swatikagalkaracademy.Tests.ErrorValidationsTest" name="ProductErrorValidation" time="14.713"/>
</testsuite> <!-- Error Validations Test -->
