<?xml version="1.0" encoding="UTF-8"?>
<!-- Generated by org.testng.reporters.JUnitXMLReporter -->
<testsuite ignored="0" hostname="Swati" failures="0" tests="3" name="Submit Order Test" time="25.585" errors="0" timestamp="2024-10-23T11:17:52 IST">
  <testcase classname="swatikagalkaracademy.Tests.SubmitOrderTest" name="submitOrder" time="15.151"/>
  <testcase classname="swatikagalkaracademy.Tests.SubmitOrderTest" name="submitOrder" time="3.071"/>
  <testcase classname="swatikagalkaracademy.Tests.SubmitOrderTest" name="OrderHistory" time="0.66"/>
</testsuite> <!-- Submit Order Test -->
