<?xml version="1.0" encoding="UTF-8"?>
<testng-results ignored="0" total="2" passed="2" failed="0" skipped="0">
  <reporter-output>
  </reporter-output>
  <suite started-at="2024-10-23T12:12:34 IST" name="Suite" finished-at="2024-10-23T12:13:16 IST" duration-ms="42279">
    <groups>
      <group name="Purchase">
        <method signature="SubmitOrderTest.submitOrder(java.util.HashMap)[pri:0, instance:swatikagalkaracademy.Tests.SubmitOrderTest@7fa98a66]" name="submitOrder" class="swatikagalkaracademy.Tests.SubmitOrderTest"/>
      </group> <!-- Purchase -->
    </groups>
    <test started-at="2024-10-23T12:12:34 IST" name="Error Validations Test" finished-at="2024-10-23T12:12:34 IST" duration-ms="16">
    </test> <!-- Error Validations Test -->
    <test started-at="2024-10-23T12:12:34 IST" name="Submit Order Test" finished-at="2024-10-23T12:13:16 IST" duration-ms="42279">
      <class name="swatikagalkaracademy.Tests.SubmitOrderTest">
        <test-method is-config="true" signature="launchApplication()[pri:0, instance:swatikagalkaracademy.Tests.SubmitOrderTest@7fa98a66]" started-at="2024-10-23T12:12:34 IST" name="launchApplication" finished-at="2024-10-23T12:12:39 IST" duration-ms="5065" status="PASS">
          <reporter-output>
          </reporter-output>
        </test-method> <!-- launchApplication -->
        <test-method signature="submitOrder(java.util.HashMap)[pri:0, instance:swatikagalkaracademy.Tests.SubmitOrderTest@7fa98a66]" started-at="2024-10-23T12:12:39 IST" name="submitOrder" data-provider="getData" finished-at="2024-10-23T12:12:56 IST" duration-ms="17556" status="PASS">
          <params>
            <param index="0">
              <value>
                <![CDATA[{password=Iamking@000, product=ZARA COAT 3, email=anshika@gmail.com}]]>
              </value>
            </param>
          </params>
          <reporter-output>
          </reporter-output>
        </test-method> <!-- submitOrder -->
        <test-method is-config="true" signature="tearDown()[pri:0, instance:swatikagalkaracademy.Tests.SubmitOrderTest@7fa98a66]" started-at="2024-10-23T12:12:56 IST" name="tearDown" finished-at="2024-10-23T12:12:57 IST" duration-ms="100" status="PASS">
          <reporter-output>
          </reporter-output>
        </test-method> <!-- tearDown -->
        <test-method is-config="true" signature="launchApplication()[pri:0, instance:swatikagalkaracademy.Tests.SubmitOrderTest@7fa98a66]" started-at="2024-10-23T12:12:57 IST" name="launchApplication" finished-at="2024-10-23T12:13:00 IST" duration-ms="3882" status="PASS">
          <reporter-output>
          </reporter-output>
        </test-method> <!-- launchApplication -->
        <test-method signature="submitOrder(java.util.HashMap)[pri:0, instance:swatikagalkaracademy.Tests.SubmitOrderTest@7fa98a66]" started-at="2024-10-23T12:13:00 IST" name="submitOrder" data-provider="getData" finished-at="2024-10-23T12:13:16 IST" duration-ms="15212" status="PASS">
          <params>
            <param index="0">
              <value>
                <![CDATA[{password=Iamking@000, product=ADIDAS ORIGINAL, email=shetty@gmail.com}]]>
              </value>
            </param>
          </params>
          <reporter-output>
          </reporter-output>
        </test-method> <!-- submitOrder -->
        <test-method is-config="true" signature="tearDown()[pri:0, instance:swatikagalkaracademy.Tests.SubmitOrderTest@7fa98a66]" started-at="2024-10-23T12:13:16 IST" name="tearDown" finished-at="2024-10-23T12:13:16 IST" duration-ms="94" status="PASS">
          <reporter-output>
          </reporter-output>
        </test-method> <!-- tearDown -->
      </class> <!-- swatikagalkaracademy.Tests.SubmitOrderTest -->
    </test> <!-- Submit Order Test -->
  </suite> <!-- Suite -->
</testng-results>
